<?xml version="1.0" encoding="UTF-8"?>
<testsuite name="CalculadoraTest" tests="1" skipped="0" failures="0" errors="0" timestamp="2022-03-09T12:42:52" hostname="KAROLYNE-PC" time="0.022">
  <properties/>
  <testcase name="somaTest()" classname="CalculadoraTest" time="0.022"/>
  <system-out><![CDATA[]]></system-out>
  <system-err><![CDATA[]]></system-err>
</testsuite>
